2018-02-11 09:57:44.443 [restartedMain] INFO  com.zx.intro.IntroApplication
                -Starting IntroApplication on ZXTHAH-HP with PID 8304 (D:\intro\target\classes started by ZXTHAH in D:\intro)
2018-02-11 09:57:44.456 [restartedMain] INFO  com.zx.intro.IntroApplication
                -No active profile set, falling back to default profiles: default
2018-02-11 09:57:44.843 [restartedMain] INFO  o.s.b.c.e.AnnotationConfigEmbeddedWebApplicationContext
                -Refreshing org.springframework.boot.context.embedded.AnnotationConfigEmbeddedWebApplicationContext@3061e592: startup date [Sun Feb 11 09:57:44 CST 2018]; root of context hierarchy
2018-02-11 09:57:48.993 [restartedMain] INFO  o.s.b.c.e.t.TomcatEmbeddedServletContainer
                -Tomcat initialized with port(s): 8080 (http)
2018-02-11 09:57:49.028 [restartedMain] INFO  o.a.catalina.core.StandardService
                -Starting service [Tomcat]
2018-02-11 09:57:49.030 [restartedMain] INFO  o.a.catalina.core.StandardEngine
                -Starting Servlet Engine: Apache Tomcat/8.5.27
2018-02-11 09:57:49.229 [localhost-startStop-1] INFO  o.a.c.c.C.[Tomcat].[localhost].[/]
                -Initializing Spring embedded WebApplicationContext
2018-02-11 09:57:49.229 [localhost-startStop-1] INFO  o.s.web.context.ContextLoader
                -Root WebApplicationContext: initialization completed in 4386 ms
2018-02-11 09:57:49.455 [localhost-startStop-1] INFO  o.s.b.w.s.ServletRegistrationBean
                -Mapping servlet: 'dispatcherServlet' to [/]
2018-02-11 09:57:49.459 [localhost-startStop-1] INFO  o.s.b.w.s.FilterRegistrationBean
                -Mapping filter: 'characterEncodingFilter' to: [/*]
2018-02-11 09:57:49.460 [localhost-startStop-1] INFO  o.s.b.w.s.FilterRegistrationBean
                -Mapping filter: 'hiddenHttpMethodFilter' to: [/*]
2018-02-11 09:57:49.460 [localhost-startStop-1] INFO  o.s.b.w.s.FilterRegistrationBean
                -Mapping filter: 'httpPutFormContentFilter' to: [/*]
2018-02-11 09:57:49.461 [localhost-startStop-1] INFO  o.s.b.w.s.FilterRegistrationBean
                -Mapping filter: 'requestContextFilter' to: [/*]
2018-02-11 09:57:51.243 [restartedMain] INFO  o.s.w.s.m.m.a.RequestMappingHandlerAdapter
                -Looking for @ControllerAdvice: org.springframework.boot.context.embedded.AnnotationConfigEmbeddedWebApplicationContext@3061e592: startup date [Sun Feb 11 09:57:44 CST 2018]; root of context hierarchy
2018-02-11 09:57:51.353 [restartedMain] INFO  o.s.w.s.m.m.a.RequestMappingHandlerMapping
                -Mapped "{[/echo/getter/pattern2],methods=[GET]}" onto public com.zx.intro.dao.Echo com.zx.intro.control.EchoController.getterPattern2(java.lang.String)
2018-02-11 09:57:51.354 [restartedMain] INFO  o.s.w.s.m.m.a.RequestMappingHandlerMapping
                -Mapped "{[/echo/getter/pattern1],methods=[GET]}" onto public com.zx.intro.dao.Echo com.zx.intro.control.EchoController.getterPattern1(java.lang.String)
2018-02-11 09:57:51.355 [restartedMain] INFO  o.s.w.s.m.m.a.RequestMappingHandlerMapping
                -Mapped "{[/echo/getter/pattern3/{content}],methods=[GET]}" onto public com.zx.intro.dao.Echo com.zx.intro.control.EchoController.getterPattern3(java.lang.String)
2018-02-11 09:57:51.355 [restartedMain] INFO  o.s.w.s.m.m.a.RequestMappingHandlerMapping
                -Mapped "{[/echo/setter/message1],methods=[POST]}" onto public com.zx.intro.dao.Echo com.zx.intro.control.EchoController.setterMessage1(com.zx.intro.dao.Message)
2018-02-11 09:57:51.359 [restartedMain] INFO  o.s.w.s.m.m.a.RequestMappingHandlerMapping
                -Mapped "{[/error]}" onto public org.springframework.http.ResponseEntity<java.util.Map<java.lang.String, java.lang.Object>> org.springframework.boot.autoconfigure.web.BasicErrorController.error(javax.servlet.http.HttpServletRequest)
2018-02-11 09:57:51.360 [restartedMain] INFO  o.s.w.s.m.m.a.RequestMappingHandlerMapping
                -Mapped "{[/error],produces=[text/html]}" onto public org.springframework.web.servlet.ModelAndView org.springframework.boot.autoconfigure.web.BasicErrorController.errorHtml(javax.servlet.http.HttpServletRequest,javax.servlet.http.HttpServletResponse)
2018-02-11 09:57:51.401 [restartedMain] INFO  o.s.w.s.h.SimpleUrlHandlerMapping
                -Mapped URL path [/webjars/**] onto handler of type [class org.springframework.web.servlet.resource.ResourceHttpRequestHandler]
2018-02-11 09:57:51.402 [restartedMain] INFO  o.s.w.s.h.SimpleUrlHandlerMapping
                -Mapped URL path [/**] onto handler of type [class org.springframework.web.servlet.resource.ResourceHttpRequestHandler]
2018-02-11 09:57:51.437 [restartedMain] INFO  o.s.w.s.m.m.a.ExceptionHandlerExceptionResolver
                -Detected @ExceptionHandler methods in globalExceptionHandler
2018-02-11 09:57:51.489 [restartedMain] INFO  o.s.w.s.h.SimpleUrlHandlerMapping
                -Mapped URL path [/**/favicon.ico] onto handler of type [class org.springframework.web.servlet.resource.ResourceHttpRequestHandler]
2018-02-11 09:57:51.966 [restartedMain] INFO  o.s.b.d.a.OptionalLiveReloadServer
                -LiveReload server is running on port 35729
2018-02-11 09:57:52.045 [restartedMain] INFO  o.s.j.e.a.AnnotationMBeanExporter
                -Registering beans for JMX exposure on startup
2018-02-11 09:57:52.253 [restartedMain] INFO  o.s.b.c.e.t.TomcatEmbeddedServletContainer
                -Tomcat started on port(s): 8080 (http)
2018-02-11 09:57:52.260 [restartedMain] INFO  com.zx.intro.IntroApplication
                -Started IntroApplication in 9.444 seconds (JVM running for 15.375)
2018-02-11 09:58:27.362 [http-nio-8080-exec-2] INFO  o.a.c.c.C.[Tomcat].[localhost].[/]
                -Initializing Spring FrameworkServlet 'dispatcherServlet'
2018-02-11 09:58:27.362 [http-nio-8080-exec-2] INFO  o.s.web.servlet.DispatcherServlet
                -FrameworkServlet 'dispatcherServlet': initialization started
2018-02-11 09:58:27.411 [http-nio-8080-exec-2] INFO  o.s.web.servlet.DispatcherServlet
                -FrameworkServlet 'dispatcherServlet': initialization completed in 47 ms
2018-02-11 10:08:54.019 [restartedMain] INFO  com.zx.intro.IntroApplication
                -Starting IntroApplication on ZXTHAH-HP with PID 8944 (D:\intro\target\classes started by ZXTHAH in D:\intro)
2018-02-11 10:08:54.022 [restartedMain] INFO  com.zx.intro.IntroApplication
                -No active profile set, falling back to default profiles: default
2018-02-11 10:08:54.122 [restartedMain] INFO  o.s.b.c.e.AnnotationConfigEmbeddedWebApplicationContext
                -Refreshing org.springframework.boot.context.embedded.AnnotationConfigEmbeddedWebApplicationContext@71bbc4e4: startup date [Sun Feb 11 10:08:54 CST 2018]; root of context hierarchy
2018-02-11 10:08:56.308 [restartedMain] INFO  o.s.b.c.e.t.TomcatEmbeddedServletContainer
                -Tomcat initialized with port(s): 8080 (http)
2018-02-11 10:08:56.323 [restartedMain] INFO  o.a.catalina.core.StandardService
                -Starting service [Tomcat]
2018-02-11 10:08:56.324 [restartedMain] INFO  o.a.catalina.core.StandardEngine
                -Starting Servlet Engine: Apache Tomcat/8.5.27
2018-02-11 10:08:56.425 [localhost-startStop-1] INFO  o.a.c.c.C.[Tomcat].[localhost].[/]
                -Initializing Spring embedded WebApplicationContext
2018-02-11 10:08:56.425 [localhost-startStop-1] INFO  o.s.web.context.ContextLoader
                -Root WebApplicationContext: initialization completed in 2303 ms
2018-02-11 10:08:56.706 [localhost-startStop-1] INFO  o.s.b.w.s.ServletRegistrationBean
                -Mapping servlet: 'dispatcherServlet' to [/]
2018-02-11 10:08:56.713 [localhost-startStop-1] INFO  o.s.b.w.s.FilterRegistrationBean
                -Mapping filter: 'characterEncodingFilter' to: [/*]
2018-02-11 10:08:56.714 [localhost-startStop-1] INFO  o.s.b.w.s.FilterRegistrationBean
                -Mapping filter: 'hiddenHttpMethodFilter' to: [/*]
2018-02-11 10:08:56.715 [localhost-startStop-1] INFO  o.s.b.w.s.FilterRegistrationBean
                -Mapping filter: 'httpPutFormContentFilter' to: [/*]
2018-02-11 10:08:56.716 [localhost-startStop-1] INFO  o.s.b.w.s.FilterRegistrationBean
                -Mapping filter: 'requestContextFilter' to: [/*]
2018-02-11 10:08:57.703 [restartedMain] INFO  o.s.w.s.m.m.a.RequestMappingHandlerAdapter
                -Looking for @ControllerAdvice: org.springframework.boot.context.embedded.AnnotationConfigEmbeddedWebApplicationContext@71bbc4e4: startup date [Sun Feb 11 10:08:54 CST 2018]; root of context hierarchy
2018-02-11 10:08:57.768 [restartedMain] INFO  o.s.w.s.m.m.a.RequestMappingHandlerMapping
                -Mapped "{[/echo/getter/pattern2],methods=[GET]}" onto public com.zx.intro.dao.Echo com.zx.intro.control.EchoController.getterPattern2(java.lang.String)
2018-02-11 10:08:57.769 [restartedMain] INFO  o.s.w.s.m.m.a.RequestMappingHandlerMapping
                -Mapped "{[/echo/getter/pattern1],methods=[GET]}" onto public com.zx.intro.dao.Echo com.zx.intro.control.EchoController.getterPattern1(java.lang.String)
2018-02-11 10:08:57.770 [restartedMain] INFO  o.s.w.s.m.m.a.RequestMappingHandlerMapping
                -Mapped "{[/echo/setter/message2],methods=[POST]}" onto public com.zx.intro.dao.Echo com.zx.intro.control.EchoController.setterMessage2(com.zx.intro.dao.Message)
2018-02-11 10:08:57.770 [restartedMain] INFO  o.s.w.s.m.m.a.RequestMappingHandlerMapping
                -Mapped "{[/echo/getter/pattern3/{content}],methods=[GET]}" onto public com.zx.intro.dao.Echo com.zx.intro.control.EchoController.getterPattern3(java.lang.String)
2018-02-11 10:08:57.771 [restartedMain] INFO  o.s.w.s.m.m.a.RequestMappingHandlerMapping
                -Mapped "{[/echo/setter/message1],methods=[POST]}" onto public com.zx.intro.dao.Echo com.zx.intro.control.EchoController.setterMessage1(com.zx.intro.dao.Message)
2018-02-11 10:08:57.774 [restartedMain] INFO  o.s.w.s.m.m.a.RequestMappingHandlerMapping
                -Mapped "{[/error]}" onto public org.springframework.http.ResponseEntity<java.util.Map<java.lang.String, java.lang.Object>> org.springframework.boot.autoconfigure.web.BasicErrorController.error(javax.servlet.http.HttpServletRequest)
2018-02-11 10:08:57.775 [restartedMain] INFO  o.s.w.s.m.m.a.RequestMappingHandlerMapping
                -Mapped "{[/error],produces=[text/html]}" onto public org.springframework.web.servlet.ModelAndView org.springframework.boot.autoconfigure.web.BasicErrorController.errorHtml(javax.servlet.http.HttpServletRequest,javax.servlet.http.HttpServletResponse)
2018-02-11 10:08:57.819 [restartedMain] INFO  o.s.w.s.h.SimpleUrlHandlerMapping
                -Mapped URL path [/webjars/**] onto handler of type [class org.springframework.web.servlet.resource.ResourceHttpRequestHandler]
2018-02-11 10:08:57.820 [restartedMain] INFO  o.s.w.s.h.SimpleUrlHandlerMapping
                -Mapped URL path [/**] onto handler of type [class org.springframework.web.servlet.resource.ResourceHttpRequestHandler]
2018-02-11 10:08:57.839 [restartedMain] INFO  o.s.w.s.m.m.a.ExceptionHandlerExceptionResolver
                -Detected @ExceptionHandler methods in globalExceptionHandler
2018-02-11 10:08:57.864 [restartedMain] INFO  o.s.w.s.h.SimpleUrlHandlerMapping
                -Mapped URL path [/**/favicon.ico] onto handler of type [class org.springframework.web.servlet.resource.ResourceHttpRequestHandler]
2018-02-11 10:08:58.188 [restartedMain] INFO  o.s.b.d.a.OptionalLiveReloadServer
                -LiveReload server is running on port 35729
2018-02-11 10:08:58.264 [restartedMain] INFO  o.s.j.e.a.AnnotationMBeanExporter
                -Registering beans for JMX exposure on startup
2018-02-11 10:08:58.360 [restartedMain] INFO  o.s.b.c.e.t.TomcatEmbeddedServletContainer
                -Tomcat started on port(s): 8080 (http)
2018-02-11 10:08:58.367 [restartedMain] INFO  com.zx.intro.IntroApplication
                -Started IntroApplication in 5.484 seconds (JVM running for 7.166)
2018-02-11 10:09:01.693 [http-nio-8080-exec-2] INFO  o.a.c.c.C.[Tomcat].[localhost].[/]
                -Initializing Spring FrameworkServlet 'dispatcherServlet'
2018-02-11 10:09:01.694 [http-nio-8080-exec-2] INFO  o.s.web.servlet.DispatcherServlet
                -FrameworkServlet 'dispatcherServlet': initialization started
2018-02-11 10:09:01.714 [http-nio-8080-exec-2] INFO  o.s.web.servlet.DispatcherServlet
                -FrameworkServlet 'dispatcherServlet': initialization completed in 20 ms
